<?xml version="1.0" encoding="UTF-8"?>
<testsuite name="ResistorColorTest" tests="4" skipped="3" failures="0" errors="0" timestamp="2023-07-03T09:41:34" hostname="LAPTOP-S2KV54AV" time="0.051">
  <properties/>
  <testcase name="testWhiteColorCode" classname="ResistorColorTest" time="0.0">
    <skipped/>
  </testcase>
  <testcase name="testColors" classname="ResistorColorTest" time="0.0">
    <skipped/>
  </testcase>
  <testcase name="testBlackColorCode" classname="ResistorColorTest" time="0.051"/>
  <testcase name="testOrangeColorCode" classname="ResistorColorTest" time="0.0">
    <skipped/>
  </testcase>
  <system-out><![CDATA[]]></system-out>
  <system-err><![CDATA[]]></system-err>
</testsuite>
